<?xml version="1.0" encoding="UTF-8"?>
<testsuite name="sanguine.controller.ControlTheBoardStrategyTest" tests="6" skipped="0" failures="0" errors="0" timestamp="2025-12-02T21:03:18.790Z" hostname="MacBook-3.local" time="0.002">
  <properties/>
  <testcase name="testChoosesMoveThatGivesMaxOwnership" classname="sanguine.controller.ControlTheBoardStrategyTest" time="0.0"/>
  <testcase name="testReturnsNoMovesWhenNoValidMoves" classname="sanguine.controller.ControlTheBoardStrategyTest" time="0.0"/>
  <testcase name="testOnlyConsidersCurrentPlayerCells" classname="sanguine.controller.ControlTheBoardStrategyTest" time="0.0"/>
  <testcase name="testChoosesLeftmostCardWhenTied" classname="sanguine.controller.ControlTheBoardStrategyTest" time="0.0"/>
  <testcase name="testChoosesUppermostWhenTied" classname="sanguine.controller.ControlTheBoardStrategyTest" time="0.0"/>
  <testcase name="testChoosesLeftmostWhenRowTied" classname="sanguine.controller.ControlTheBoardStrategyTest" time="0.001"/>
  <system-out><![CDATA[]]></system-out>
  <system-err><![CDATA[]]></system-err>
</testsuite>
