<?xml version="1.0" encoding="UTF-8"?>
<testsuite name="sanguine.controller.CompositeStrategyTest" tests="5" skipped="0" failures="0" errors="0" timestamp="2025-12-05T15:48:29.317Z" hostname="MacBook-3.local" time="0.008">
  <properties/>
  <testcase name="testReturnsEmptyWhenFirstStrategyReturnsEmpty" classname="sanguine.controller.CompositeStrategyTest" time="0.006"/>
  <testcase name="testSingleStrategyWorks" classname="sanguine.controller.CompositeStrategyTest" time="0.001"/>
  <testcase name="testCombinesMaximizeAndControl" classname="sanguine.controller.CompositeStrategyTest" time="0.0"/>
  <testcase name="testThreeStrategyComposition" classname="sanguine.controller.CompositeStrategyTest" time="0.0"/>
  <testcase name="testUsesSecondStrategyToBreakTies" classname="sanguine.controller.CompositeStrategyTest" time="0.0"/>
  <system-out><![CDATA[]]></system-out>
  <system-err><![CDATA[]]></system-err>
</testsuite>
