<?xml version="1.0" encoding="UTF-8"?>
<testsuite name="sanguine.SanguineTests" tests="6" skipped="0" failures="0" errors="0" timestamp="2025-12-05T15:48:29.304Z" hostname="MacBook-3.local" time="0.011">
  <properties/>
  <testcase name="testPlayerSwitchingMultipleTimes" classname="sanguine.SanguineTests" time="0.008"/>
  <testcase name="testInfluenceCappedAtThreePawns" classname="sanguine.SanguineTests" time="0.001"/>
  <testcase name="testDeckWithVariousCostCards" classname="sanguine.SanguineTests" time="0.0"/>
  <testcase name="testScoresOnEmptyBoard" classname="sanguine.SanguineTests" time="0.001"/>
  <testcase name="testCompleteGameSetup" classname="sanguine.SanguineTests" time="0.0"/>
  <testcase name="testWinnerCalculation" classname="sanguine.SanguineTests" time="0.0"/>
  <system-out><![CDATA[]]></system-out>
  <system-err><![CDATA[]]></system-err>
</testsuite>
