<?xml version="1.0" encoding="UTF-8"?>
<testsuite name="sanguine.model.CoordinateTests" tests="2" skipped="0" failures="0" errors="0" timestamp="2025-12-05T23:06:26.763Z" hostname="MacBook-3.local" time="0.0">
  <properties/>
  <testcase name="testCoordinateCreation" classname="sanguine.model.CoordinateTests" time="0.0"/>
  <testcase name="testMultipleCoordinates" classname="sanguine.model.CoordinateTests" time="0.0"/>
  <system-out><![CDATA[]]></system-out>
  <system-err><![CDATA[]]></system-err>
</testsuite>
