<?xml version="1.0" encoding="UTF-8"?>
<testsuite name="sanguine.model.CellTests" tests="11" skipped="0" failures="0" errors="0" timestamp="2025-12-02T21:03:18.808Z" hostname="MacBook-3.local" time="0.001">
  <properties/>
  <testcase name="testDifferentCellTypesEqualValues" classname="sanguine.model.CellTests" time="0.0"/>
  <testcase name="testValueCellWithNegativeValue" classname="sanguine.model.CellTests" time="0.001"/>
  <testcase name="testValueCellWithZeroValue" classname="sanguine.model.CellTests" time="0.0"/>
  <testcase name="testPawnCellCreation" classname="sanguine.model.CellTests" time="0.0"/>
  <testcase name="testPawnCellWithZeroPawns" classname="sanguine.model.CellTests" time="0.0"/>
  <testcase name="testPawnCellWithMaxPawns" classname="sanguine.model.CellTests" time="0.0"/>
  <testcase name="testValueCellCreation" classname="sanguine.model.CellTests" time="0.0"/>
  <testcase name="testPawnCellWithNegativePawns" classname="sanguine.model.CellTests" time="0.0"/>
  <testcase name="testPawnCellWithTooManyPawns" classname="sanguine.model.CellTests" time="0.0"/>
  <testcase name="testValueCellWithNullPlayer" classname="sanguine.model.CellTests" time="0.0"/>
  <testcase name="testPawnCellWithNullPlayer" classname="sanguine.model.CellTests" time="0.0"/>
  <system-out><![CDATA[]]></system-out>
  <system-err><![CDATA[]]></system-err>
</testsuite>
