<?xml version="1.0" encoding="UTF-8"?>
<testsuite name="sanguine.controller.MinimaxStrategyTest" tests="5" skipped="0" failures="0" errors="0" timestamp="2025-12-02T21:03:18.799Z" hostname="MacBook-3.local" time="0.005">
  <properties/>
  <testcase name="testOnlyConsidersCurrentPlayerCells" classname="sanguine.controller.MinimaxStrategyTest" time="0.0"/>
  <testcase name="testReturnsEmptyWhenNoValidMoves" classname="sanguine.controller.MinimaxStrategyTest" time="0.001"/>
  <testcase name="testChoosesMoveWithFewestOpponentOptions" classname="sanguine.controller.MinimaxStrategyTest" time="0.0"/>
  <testcase name="testUsesOpponentStrategyToEvaluate" classname="sanguine.controller.MinimaxStrategyTest" time="0.001"/>
  <testcase name="testCanBeComposedWithOtherStrategies" classname="sanguine.controller.MinimaxStrategyTest" time="0.001"/>
  <system-out><![CDATA[]]></system-out>
  <system-err><![CDATA[]]></system-err>
</testsuite>
