<?xml version="1.0" encoding="UTF-8"?>
<testsuite name="sanguine.model.CoordinateTests" tests="2" skipped="0" failures="0" errors="0" timestamp="2025-12-02T21:03:18.810Z" hostname="MacBook-3.local" time="0.001">
  <properties/>
  <testcase name="testCoordinateCreation" classname="sanguine.model.CoordinateTests" time="0.0"/>
  <testcase name="testMultipleCoordinates" classname="sanguine.model.CoordinateTests" time="0.001"/>
  <system-out><![CDATA[]]></system-out>
  <system-err><![CDATA[]]></system-err>
</testsuite>
